<?xml version="1.0" encoding="UTF-8"?>
<testsuite name="com.sathyasaig.weatherapp.WeatherServiceTest" tests="6" skipped="0" failures="0" errors="0" timestamp="2025-05-31T17:17:16.468Z" hostname="DESKTOP-FDBMV8Q" time="2.376">
  <properties/>
  <testcase name="testFetchWeather_cityNotFound_throwsException()" classname="com.sathyasaig.weatherapp.WeatherServiceTest" time="2.311"/>
  <testcase name="testFetchWeather_validCity_returnsWeather()" classname="com.sathyasaig.weatherapp.WeatherServiceTest" time="0.018"/>
  <testcase name="testUnexpectedResponseFormat()" classname="com.sathyasaig.weatherapp.WeatherServiceTest" time="0.008"/>
  <testcase name="testRateLimitExceeded()" classname="com.sathyasaig.weatherapp.WeatherServiceTest" time="0.004"/>
  <testcase name="testFetchWeather_emptyCity_throwsException()" classname="com.sathyasaig.weatherapp.WeatherServiceTest" time="0.004"/>
  <testcase name="testFetchWeather_apiFailure_throwsException()" classname="com.sathyasaig.weatherapp.WeatherServiceTest" time="0.011"/>
  <system-out><![CDATA[]]></system-out>
  <system-err><![CDATA[WARNING: A Java agent has been loaded dynamically (C:\Users\Sathya\.gradle\caches\modules-2\files-2.1\net.bytebuddy\byte-buddy-agent\1.14.15\b4cc9d88d5de562bf75b3a54ab436ad01b3f72d\byte-buddy-agent-1.14.15.jar)
WARNING: If a serviceability tool is in use, please run with -XX:+EnableDynamicAgentLoading to hide this warning
WARNING: If a serviceability tool is not in use, please run with -Djdk.instrument.traceUsage for more information
WARNING: Dynamic loading of agents will be disallowed by default in a future release
]]></system-err>
</testsuite>
